<?xml version="1.0" encoding="UTF-8"?>
<robot generator="Robot 5.0 (Python 3.10.4 on win32)" generated="20220506 16:28:04.883" rpa="false" schemaversion="3">
<suite id="s1" name="Abbott-Code-Challenge" source="c:\Users\natal\abbott-code-challenge\abbott-code-challenge.robot">
<test id="s1-t1" name="Open Browser Test Case" line="11">
<kw name="Open Browser" library="SeleniumLibrary">
<arg>${url}</arg>
<arg>${browser}</arg>
<doc>Opens a new browser instance to the optional ``url``.</doc>
<msg timestamp="20220506 16:28:05.103" level="INFO">Opening browser 'chrome' to base url 'https://www.libreview.com/'.</msg>
<status status="PASS" starttime="20220506 16:28:05.102" endtime="20220506 16:28:08.232"/>
</kw>
<kw name="Maximize Browser Window" library="SeleniumLibrary">
<doc>Maximizes current browser window.</doc>
<status status="PASS" starttime="20220506 16:28:08.233" endtime="20220506 16:28:08.353"/>
</kw>
<kw name="Wait Until Page Contains Element" library="SeleniumLibrary">
<arg>id:truste-consent-button</arg>
<doc>Waits until the element ``locator`` appears on the current page.</doc>
<status status="PASS" starttime="20220506 16:28:08.354" endtime="20220506 16:28:08.366"/>
</kw>
<kw name="Click Element" library="SeleniumLibrary">
<arg>id:truste-consent-button</arg>
<doc>Click the element identified by ``locator``.</doc>
<msg timestamp="20220506 16:28:08.366" level="INFO">Clicking element 'id:truste-consent-button'.</msg>
<status status="PASS" starttime="20220506 16:28:08.366" endtime="20220506 16:28:09.350"/>
</kw>
<kw name="Wait Until Page Contains Element" library="SeleniumLibrary">
<arg>id:country-select</arg>
<doc>Waits until the element ``locator`` appears on the current page.</doc>
<status status="PASS" starttime="20220506 16:28:09.351" endtime="20220506 16:28:09.429"/>
</kw>
<kw name="Select From List By Label" library="SeleniumLibrary">
<arg>id:country-select</arg>
<arg>${country}</arg>
<doc>Selects options from selection list ``locator`` by ``labels``.</doc>
<msg timestamp="20220506 16:28:09.431" level="INFO">Selecting options from selection list 'id:country-select' by label United States.</msg>
<status status="PASS" starttime="20220506 16:28:09.430" endtime="20220506 16:28:09.529"/>
</kw>
<kw name="Wait Until Page Contains Element" library="SeleniumLibrary">
<arg>id:language-select</arg>
<doc>Waits until the element ``locator`` appears on the current page.</doc>
<status status="PASS" starttime="20220506 16:28:09.530" endtime="20220506 16:28:09.542"/>
</kw>
<kw name="Select From List By Label" library="SeleniumLibrary">
<arg>id:language-select</arg>
<arg>${language}</arg>
<doc>Selects options from selection list ``locator`` by ``labels``.</doc>
<msg timestamp="20220506 16:28:09.543" level="INFO">Selecting options from selection list 'id:language-select' by label English.</msg>
<status status="PASS" starttime="20220506 16:28:09.542" endtime="20220506 16:28:09.594"/>
</kw>
<kw name="Click Button" library="SeleniumLibrary">
<arg>id:submit-button</arg>
<doc>Clicks the button identified by ``locator``.</doc>
<msg timestamp="20220506 16:28:09.595" level="INFO">Clicking button 'id:submit-button'.</msg>
<status status="PASS" starttime="20220506 16:28:09.594" endtime="20220506 16:28:09.693"/>
</kw>
<kw name="Sleep" library="BuiltIn">
<arg>5s</arg>
<doc>Pauses the test executed for the given time.</doc>
<msg timestamp="20220506 16:28:14.695" level="INFO">Slept 5 seconds</msg>
<status status="PASS" starttime="20220506 16:28:09.694" endtime="20220506 16:28:14.695"/>
</kw>
<status status="PASS" starttime="20220506 16:28:05.102" endtime="20220506 16:28:14.695"/>
</test>
<doc>Testing the Selenium Library</doc>
<status status="PASS" starttime="20220506 16:28:04.883" endtime="20220506 16:28:14.697"/>
</suite>
<statistics>
<total>
<stat pass="1" fail="0" skip="0">All Tests</stat>
</total>
<tag>
</tag>
<suite>
<stat pass="1" fail="0" skip="0" id="s1" name="Abbott-Code-Challenge">Abbott-Code-Challenge</stat>
</suite>
</statistics>
<errors>
</errors>
</robot>
