<?xml version="1.0" encoding="UTF-8"?>
<robot generator="Robot 5.0 (Python 3.10.0 on win32)" generated="20220506 14:07:41.790" rpa="false" schemaversion="3">
<suite id="s1" name="Abbott-Code-Challenge" source="c:\Users\natal\abbott-code-challenge\abbott-code-challenge.robot">
<test id="s1-t1" name="Open Browser Test Case" line="8">
<kw name="Open Browser" library="SeleniumLibrary">
<arg>https://www.libreview.com/</arg>
<arg>chrome</arg>
<doc>Opens a new browser instance to the optional ``url``.</doc>
<msg timestamp="20220506 14:07:42.025" level="INFO">Opening browser 'chrome' to base url 'https://www.libreview.com/'.</msg>
<status status="PASS" starttime="20220506 14:07:42.025" endtime="20220506 14:07:45.232"/>
</kw>
<kw name="Wait Until Page Contains Element" library="SeleniumLibrary">
<arg>css=.trustarc-primary-btn</arg>
<doc>Waits until the element ``locator`` appears on the current page.</doc>
<status status="PASS" starttime="20220506 14:07:45.233" endtime="20220506 14:07:45.248"/>
</kw>
<kw name="Click Element" library="SeleniumLibrary">
<arg>css=.trustarc-primary-btn</arg>
<doc>Click the element identified by ``locator``.</doc>
<msg timestamp="20220506 14:07:45.249" level="INFO">Clicking element 'css=.trustarc-primary-btn'.</msg>
<status status="PASS" starttime="20220506 14:07:45.248" endtime="20220506 14:07:46.089"/>
</kw>
<status status="PASS" starttime="20220506 14:07:42.024" endtime="20220506 14:07:46.090"/>
</test>
<doc>Testing the Selenium Library</doc>
<status status="PASS" starttime="20220506 14:07:41.790" endtime="20220506 14:07:46.092"/>
</suite>
<statistics>
<total>
<stat pass="1" fail="0" skip="0">All Tests</stat>
</total>
<tag>
</tag>
<suite>
<stat pass="1" fail="0" skip="0" id="s1" name="Abbott-Code-Challenge">Abbott-Code-Challenge</stat>
</suite>
</statistics>
<errors>
</errors>
</robot>
