<?xml version="1.0" encoding="UTF-8"?>
<robot generator="Robot 5.0 (Python 3.10.4 on win32)" generated="20220507 22:50:57.740" rpa="false" schemaversion="3">
<suite id="s1" name="Main" source="C:\Users\natal\abbott-code-challenge\Main.robot">
<test id="s1-t1" name="Login to LibreView and Verify Button" line="22">
<kw name="Open LibreView" library="SelectCountyLang">
<arg>${url}</arg>
<arg>${browser}</arg>
<kw name="Open Browser" library="SeleniumLibrary">
<arg>${url}</arg>
<arg>${browser}</arg>
<doc>Opens a new browser instance to the optional ``url``.</doc>
<msg timestamp="20220507 22:50:58.099" level="INFO">Opening browser 'chrome' to base url 'https://www.libreview.com/'.</msg>
<status status="PASS" starttime="20220507 22:50:58.098" endtime="20220507 22:51:01.780"/>
</kw>
<kw name="Maximize Browser Window" library="SeleniumLibrary">
<doc>Maximizes current browser window.</doc>
<status status="PASS" starttime="20220507 22:51:01.781" endtime="20220507 22:51:01.905"/>
</kw>
<status status="PASS" starttime="20220507 22:50:58.097" endtime="20220507 22:51:01.906"/>
</kw>
<kw name="Select County and Language" library="SelectCountyLang">
<arg>${country}</arg>
<arg>${language}</arg>
<kw name="Wait Until Page Contains Element" library="SeleniumLibrary">
<arg>${ConsetToCookiesButton}</arg>
<arg>timeout=100</arg>
<doc>Waits until the element ``locator`` appears on the current page.</doc>
<status status="PASS" starttime="20220507 22:51:01.907" endtime="20220507 22:51:01.928"/>
</kw>
<kw name="Click Element" library="SeleniumLibrary">
<arg>${ConsetToCookiesButton}</arg>
<doc>Click the element identified by ``locator``.</doc>
<msg timestamp="20220507 22:51:01.933" level="INFO">Clicking element 'id:truste-consent-button'.</msg>
<status status="PASS" starttime="20220507 22:51:01.930" endtime="20220507 22:51:02.737"/>
</kw>
<kw name="Wait Until Page Contains Element" library="SeleniumLibrary">
<arg>${SelectCounty}</arg>
<doc>Waits until the element ``locator`` appears on the current page.</doc>
<status status="PASS" starttime="20220507 22:51:02.737" endtime="20220507 22:51:03.068"/>
</kw>
<kw name="Select From List By Label" library="SeleniumLibrary">
<arg>${SelectCounty}</arg>
<arg>${country}</arg>
<doc>Selects options from selection list ``locator`` by ``labels``.</doc>
<msg timestamp="20220507 22:51:03.069" level="INFO">Selecting options from selection list 'id:country-select' by label United States.</msg>
<status status="PASS" starttime="20220507 22:51:03.068" endtime="20220507 22:51:03.183"/>
</kw>
<kw name="Wait Until Page Contains Element" library="SeleniumLibrary">
<arg>${SelectLanguage}</arg>
<doc>Waits until the element ``locator`` appears on the current page.</doc>
<status status="PASS" starttime="20220507 22:51:03.183" endtime="20220507 22:51:03.196"/>
</kw>
<kw name="Select From List By Label" library="SeleniumLibrary">
<arg>${SelectLanguage}</arg>
<arg>${language}</arg>
<doc>Selects options from selection list ``locator`` by ``labels``.</doc>
<msg timestamp="20220507 22:51:03.197" level="INFO">Selecting options from selection list 'id:language-select' by label English.</msg>
<status status="PASS" starttime="20220507 22:51:03.196" endtime="20220507 22:51:03.250"/>
</kw>
<status status="PASS" starttime="20220507 22:51:01.906" endtime="20220507 22:51:03.250"/>
</kw>
<kw name="Submit Page" library="SelectCountyLang">
<kw name="Wait Until Page Contains Element" library="SeleniumLibrary">
<arg>${SubmitButton}</arg>
<doc>Waits until the element ``locator`` appears on the current page.</doc>
<status status="PASS" starttime="20220507 22:51:03.252" endtime="20220507 22:51:03.267"/>
</kw>
<kw name="Click Button" library="SeleniumLibrary">
<arg>${SubmitButton}</arg>
<doc>Clicks the button identified by ``locator``.</doc>
<msg timestamp="20220507 22:51:03.268" level="INFO">Clicking button 'id:submit-button'.</msg>
<status status="PASS" starttime="20220507 22:51:03.268" endtime="20220507 22:51:03.360"/>
</kw>
<status status="PASS" starttime="20220507 22:51:03.251" endtime="20220507 22:51:03.361"/>
</kw>
<kw name="Input Email and Password" library="EnterLoginCred">
<kw name="Wait Until Page Contains Element" library="SeleniumLibrary">
<arg>${EmailField}</arg>
<doc>Waits until the element ``locator`` appears on the current page.</doc>
<status status="PASS" starttime="20220507 22:51:03.363" endtime="20220507 22:51:04.077"/>
</kw>
<kw name="Input Text" library="SeleniumLibrary">
<arg>${EmailField}</arg>
<arg>${user}</arg>
<doc>Types the given ``text`` into the text field identified by ``locator``.</doc>
<msg timestamp="20220507 22:51:04.077" level="INFO">Typing text 'codechallengeadc@outlook.com' into text field 'id:loginForm-email-input'.</msg>
<status status="PASS" starttime="20220507 22:51:04.077" endtime="20220507 22:51:04.362"/>
</kw>
<kw name="Input Password" library="SeleniumLibrary">
<arg>${PasswordField}</arg>
<arg>${libre_password}</arg>
<doc>Types the given password into the text field identified by ``locator``.</doc>
<msg timestamp="20220507 22:51:04.362" level="INFO">Typing password into text field 'id:loginForm-password-input'.</msg>
<msg timestamp="20220507 22:51:04.469" level="INFO">Temporally setting log level to: NONE</msg>
<msg timestamp="20220507 22:51:04.689" level="INFO">Log level changed from NONE to INFO.</msg>
<status status="PASS" starttime="20220507 22:51:04.362" endtime="20220507 22:51:04.689"/>
</kw>
<kw name="Click Element" library="SeleniumLibrary">
<arg>${SubmitLogin}</arg>
<doc>Click the element identified by ``locator``.</doc>
<msg timestamp="20220507 22:51:04.690" level="INFO">Clicking element 'id:loginForm-submit-button'.</msg>
<status status="PASS" starttime="20220507 22:51:04.689" endtime="20220507 22:51:04.982"/>
</kw>
<kw name="Wait Until Page Contains Element" library="SeleniumLibrary">
<arg>${Send2FA}</arg>
<doc>Waits until the element ``locator`` appears on the current page.</doc>
<status status="PASS" starttime="20220507 22:51:04.982" endtime="20220507 22:51:05.417"/>
</kw>
<kw name="Click Element" library="SeleniumLibrary">
<arg>${Send2FA}</arg>
<doc>Click the element identified by ``locator``.</doc>
<msg timestamp="20220507 22:51:05.418" level="INFO">Clicking element 'id:twoFactor-step1-next-button'.</msg>
<status status="PASS" starttime="20220507 22:51:05.417" endtime="20220507 22:51:05.490"/>
</kw>
<status status="PASS" starttime="20220507 22:51:03.362" endtime="20220507 22:51:05.490"/>
</kw>
<kw name="Run Python Script and Input 2fa" library="2FactorAuth">
<kw name="Sleep" library="BuiltIn">
<arg>10s</arg>
<doc>Pauses the test executed for the given time.</doc>
<msg timestamp="20220507 22:51:15.492" level="INFO">Slept 10 seconds</msg>
<status status="PASS" starttime="20220507 22:51:05.491" endtime="20220507 22:51:15.492"/>
</kw>
<kw name="Get Access Code" library="fetch2fa">
<var>${2fa}</var>
<arg>${user}</arg>
<arg>${outlook_password}</arg>
<msg timestamp="20220507 22:51:16.166" level="INFO">${2fa} = 854297</msg>
<status status="PASS" starttime="20220507 22:51:15.492" endtime="20220507 22:51:16.166"/>
</kw>
<kw name="Input Password" library="SeleniumLibrary">
<arg>${AuthCode}</arg>
<arg>${2fa}</arg>
<doc>Types the given password into the text field identified by ``locator``.</doc>
<msg timestamp="20220507 22:51:16.166" level="INFO">Typing password into text field 'id:twoFactor-step2-code-input'.</msg>
<msg timestamp="20220507 22:51:16.218" level="INFO">Temporally setting log level to: NONE</msg>
<msg timestamp="20220507 22:51:16.277" level="INFO">Log level changed from NONE to INFO.</msg>
<status status="PASS" starttime="20220507 22:51:16.166" endtime="20220507 22:51:16.277"/>
</kw>
<kw name="Sleep" library="BuiltIn">
<arg>2s</arg>
<doc>Pauses the test executed for the given time.</doc>
<msg timestamp="20220507 22:51:18.286" level="INFO">Slept 2 seconds</msg>
<status status="PASS" starttime="20220507 22:51:16.278" endtime="20220507 22:51:18.286"/>
</kw>
<kw name="Click Element" library="SeleniumLibrary">
<arg>${NextButton}</arg>
<doc>Click the element identified by ``locator``.</doc>
<msg timestamp="20220507 22:51:18.286" level="INFO">Clicking element 'id:twoFactor-step2-next-button'.</msg>
<status status="PASS" starttime="20220507 22:51:18.286" endtime="20220507 22:51:18.370"/>
</kw>
<status status="PASS" starttime="20220507 22:51:05.491" endtime="20220507 22:51:18.370"/>
</kw>
<kw name="Go To Upload Device and Verify Button" library="ManageData">
<kw name="Wait Until Page Contains Element" library="SeleniumLibrary">
<arg>${AddDevice}</arg>
<doc>Waits until the element ``locator`` appears on the current page.</doc>
<status status="PASS" starttime="20220507 22:51:18.371" endtime="20220507 22:51:19.023"/>
</kw>
<kw name="Click Element" library="SeleniumLibrary">
<arg>${AddDevice}</arg>
<doc>Click the element identified by ``locator``.</doc>
<msg timestamp="20220507 22:51:19.023" level="INFO">Clicking element 'id:main-header-meter-nav-link'.</msg>
<status status="PASS" starttime="20220507 22:51:19.023" endtime="20220507 22:51:19.152"/>
</kw>
<kw name="Element Should Be Visible" library="SeleniumLibrary">
<arg>${PressToBeginUploadButton}</arg>
<doc>Verifies that the element identified by ``locator`` is visible.</doc>
<msg timestamp="20220507 22:51:19.219" level="INFO">Element 'id:meterUpload-linkedUpload-pat-button' is displayed.</msg>
<status status="PASS" starttime="20220507 22:51:19.152" endtime="20220507 22:51:19.219"/>
</kw>
<status status="PASS" starttime="20220507 22:51:18.371" endtime="20220507 22:51:19.219"/>
</kw>
<kw name="Close Browser" library="SeleniumLibrary">
<doc>Closes the current browser.</doc>
<status status="PASS" starttime="20220507 22:51:19.220" endtime="20220507 22:51:21.589"/>
</kw>
<doc>Logins into LibreView, Fetchs a 2fa code from email, and verifies the webpage contains the “Press to Begin Upload” Button</doc>
<status status="PASS" starttime="20220507 22:50:58.094" endtime="20220507 22:51:21.590"/>
</test>
<doc>Abbott Coding Challenge</doc>
<status status="PASS" starttime="20220507 22:50:57.740" endtime="20220507 22:51:21.592"/>
</suite>
<statistics>
<total>
<stat pass="1" fail="0" skip="0">All Tests</stat>
</total>
<tag>
</tag>
<suite>
<stat pass="1" fail="0" skip="0" id="s1" name="Main">Main</stat>
</suite>
</statistics>
<errors>
<msg timestamp="20220507 22:50:58.039" level="WARN">Imported library 'C:\Users\natal\abbott-code-challenge\PageObject\Locators\Locators.py' contains no keywords.</msg>
<msg timestamp="20220507 22:50:58.048" level="WARN">Imported library 'C:\Users\natal\abbott-code-challenge\PageObject\TestData\Testdata.py' contains no keywords.</msg>
</errors>
</robot>
