<?xml version="1.0" encoding="UTF-8"?>
<robot generator="Robot 5.0 (Python 3.10.0 on win32)" generated="20220506 12:49:32.021" rpa="false" schemaversion="3">
<suite id="s1" name="Abbott-Code-Challenge" source="c:\Users\natal\abbott-code-challenge\abbott-code-challenge.robot">
<test id="s1-t1" name="Selenium Test Case" line="8">
<kw name="Open Browser" library="SeleniumLibrary">
<arg>https://www.libreview.com/</arg>
<arg>chrome</arg>
<doc>Opens a new browser instance to the optional ``url``.</doc>
<msg timestamp="20220506 12:49:32.253" level="INFO">Opening browser 'chrome' to base url 'https://www.libreview.com/'.</msg>
<status status="PASS" starttime="20220506 12:49:32.253" endtime="20220506 12:49:36.087"/>
</kw>
<kw name="Sleep" library="BuiltIn">
<arg>10s</arg>
<doc>Pauses the test executed for the given time.</doc>
<msg timestamp="20220506 12:49:46.090" level="INFO">Slept 10 seconds</msg>
<status status="PASS" starttime="20220506 12:49:36.087" endtime="20220506 12:49:46.091"/>
</kw>
<status status="PASS" starttime="20220506 12:49:32.252" endtime="20220506 12:49:46.095"/>
</test>
<doc>Testing the Selenium Library</doc>
<status status="PASS" starttime="20220506 12:49:32.021" endtime="20220506 12:49:46.097"/>
</suite>
<statistics>
<total>
<stat pass="1" fail="0" skip="0">All Tests</stat>
</total>
<tag>
</tag>
<suite>
<stat pass="1" fail="0" skip="0" id="s1" name="Abbott-Code-Challenge">Abbott-Code-Challenge</stat>
</suite>
</statistics>
<errors>
</errors>
</robot>
