<?xml version="1.0" encoding="UTF-8"?>
<robot generator="Robot 5.0 (Python 3.10.4 on win32)" generated="20220506 17:15:19.795" rpa="false" schemaversion="3">
<suite id="s1" name="Abbott-Code-Challenge" source="c:\Users\natal\abbott-code-challenge\abbott-code-challenge.robot">
<test id="s1-t1" name="Open LibreView and Select County and Language" line="11">
<kw name="Open Browser" library="SeleniumLibrary">
<arg>${url}</arg>
<arg>${browser}</arg>
<doc>Opens a new browser instance to the optional ``url``.</doc>
<msg timestamp="20220506 17:15:20.024" level="INFO">Opening browser 'chrome' to base url 'https://www.libreview.com/'.</msg>
<status status="PASS" starttime="20220506 17:15:20.024" endtime="20220506 17:15:23.320"/>
</kw>
<kw name="Maximize Browser Window" library="SeleniumLibrary">
<doc>Maximizes current browser window.</doc>
<status status="PASS" starttime="20220506 17:15:23.321" endtime="20220506 17:15:23.440"/>
</kw>
<kw name="Wait Until Page Contains Element" library="SeleniumLibrary">
<arg>id:truste-consent-button</arg>
<arg>timeout=100</arg>
<doc>Waits until the element ``locator`` appears on the current page.</doc>
<status status="PASS" starttime="20220506 17:15:23.441" endtime="20220506 17:15:23.459"/>
</kw>
<kw name="Click Element" library="SeleniumLibrary">
<arg>id:truste-consent-button</arg>
<doc>Click the element identified by ``locator``.</doc>
<msg timestamp="20220506 17:15:23.461" level="INFO">Clicking element 'id:truste-consent-button'.</msg>
<status status="PASS" starttime="20220506 17:15:23.460" endtime="20220506 17:15:24.198"/>
</kw>
<kw name="Wait Until Page Contains Element" library="SeleniumLibrary">
<arg>id:country-select</arg>
<doc>Waits until the element ``locator`` appears on the current page.</doc>
<status status="PASS" starttime="20220506 17:15:24.198" endtime="20220506 17:15:24.528"/>
</kw>
<kw name="Select From List By Label" library="SeleniumLibrary">
<arg>id:country-select</arg>
<arg>${country}</arg>
<doc>Selects options from selection list ``locator`` by ``labels``.</doc>
<msg timestamp="20220506 17:15:24.529" level="INFO">Selecting options from selection list 'id:country-select' by label United States.</msg>
<status status="PASS" starttime="20220506 17:15:24.529" endtime="20220506 17:15:24.619"/>
</kw>
<kw name="Wait Until Page Contains Element" library="SeleniumLibrary">
<arg>id:language-select</arg>
<doc>Waits until the element ``locator`` appears on the current page.</doc>
<status status="PASS" starttime="20220506 17:15:24.620" endtime="20220506 17:15:24.631"/>
</kw>
<kw name="Select From List By Label" library="SeleniumLibrary">
<arg>id:language-select</arg>
<arg>${language}</arg>
<doc>Selects options from selection list ``locator`` by ``labels``.</doc>
<msg timestamp="20220506 17:15:24.632" level="INFO">Selecting options from selection list 'id:language-select' by label English.</msg>
<status status="PASS" starttime="20220506 17:15:24.632" endtime="20220506 17:15:24.669"/>
</kw>
<kw name="Wait Until Page Contains Element" library="SeleniumLibrary">
<arg>id:submit-button</arg>
<doc>Waits until the element ``locator`` appears on the current page.</doc>
<status status="PASS" starttime="20220506 17:15:24.669" endtime="20220506 17:15:24.679"/>
</kw>
<kw name="Click Button" library="SeleniumLibrary">
<arg>id:submit-button</arg>
<doc>Clicks the button identified by ``locator``.</doc>
<msg timestamp="20220506 17:15:24.681" level="INFO">Clicking button 'id:submit-button'.</msg>
<status status="PASS" starttime="20220506 17:15:24.680" endtime="20220506 17:15:24.759"/>
</kw>
<kw name="Wait Until Page Contains Element" library="SeleniumLibrary">
<arg>id:loginForm-email-input</arg>
<doc>Waits until the element ``locator`` appears on the current page.</doc>
<status status="PASS" starttime="20220506 17:15:24.760" endtime="20220506 17:15:25.457"/>
</kw>
<kw name="Input Text" library="SeleniumLibrary">
<arg>id:loginForm-email-input</arg>
<arg>codechallengeadc@outlook.com</arg>
<doc>Types the given ``text`` into the text field identified by ``locator``.</doc>
<msg timestamp="20220506 17:15:25.458" level="INFO">Typing text 'codechallengeadc@outlook.com' into text field 'id:loginForm-email-input'.</msg>
<status status="PASS" starttime="20220506 17:15:25.458" endtime="20220506 17:15:25.696"/>
</kw>
<kw name="Input Password" library="SeleniumLibrary">
<arg>id:loginForm-password-input</arg>
<arg>P@ssword$12</arg>
<doc>Types the given password into the text field identified by ``locator``.</doc>
<msg timestamp="20220506 17:15:25.697" level="INFO">Typing password into text field 'id:loginForm-password-input'.</msg>
<msg timestamp="20220506 17:15:25.776" level="INFO">Temporally setting log level to: NONE</msg>
<msg timestamp="20220506 17:15:25.919" level="INFO">Log level changed from NONE to INFO.</msg>
<status status="PASS" starttime="20220506 17:15:25.696" endtime="20220506 17:15:25.919"/>
</kw>
<kw name="Click Element" library="SeleniumLibrary">
<arg>id:loginForm-submit-button</arg>
<doc>Click the element identified by ``locator``.</doc>
<msg timestamp="20220506 17:15:25.920" level="INFO">Clicking element 'id:loginForm-submit-button'.</msg>
<status status="PASS" starttime="20220506 17:15:25.920" endtime="20220506 17:15:26.121"/>
</kw>
<kw name="Wait Until Page Contains Element" library="SeleniumLibrary">
<arg>id:twoFactor-step1-next-button</arg>
<doc>Waits until the element ``locator`` appears on the current page.</doc>
<status status="PASS" starttime="20220506 17:15:26.122" endtime="20220506 17:15:26.573"/>
</kw>
<kw name="Click Element" library="SeleniumLibrary">
<arg>id:twoFactor-step1-next-button</arg>
<doc>Click the element identified by ``locator``.</doc>
<msg timestamp="20220506 17:15:26.574" level="INFO">Clicking element 'id:twoFactor-step1-next-button'.</msg>
<status status="PASS" starttime="20220506 17:15:26.574" endtime="20220506 17:15:26.644"/>
</kw>
<kw name="Sleep" library="BuiltIn">
<arg>10s</arg>
<doc>Pauses the test executed for the given time.</doc>
<msg timestamp="20220506 17:15:36.647" level="INFO">Slept 10 seconds</msg>
<status status="PASS" starttime="20220506 17:15:26.646" endtime="20220506 17:15:36.647"/>
</kw>
<status status="PASS" starttime="20220506 17:15:20.023" endtime="20220506 17:15:36.648"/>
</test>
<doc>Abbott Coding Challenge</doc>
<status status="PASS" starttime="20220506 17:15:19.795" endtime="20220506 17:15:36.650"/>
</suite>
<statistics>
<total>
<stat pass="1" fail="0" skip="0">All Tests</stat>
</total>
<tag>
</tag>
<suite>
<stat pass="1" fail="0" skip="0" id="s1" name="Abbott-Code-Challenge">Abbott-Code-Challenge</stat>
</suite>
</statistics>
<errors>
</errors>
</robot>
