<?xml version="1.0" encoding="UTF-8"?>
<robot generator="Robot 5.0 (Python 3.10.4 on win32)" generated="20220507 17:27:33.785" rpa="false" schemaversion="3">
<suite id="s1" name="Abbott-Code-Challenge" source="c:\Users\natal\abbott-code-challenge\abbott-code-challenge.robot">
<test id="s1-t1" name="Open LibreView and Select County and Language" line="17">
<kw name="Open Browser" library="SeleniumLibrary">
<arg>${url}</arg>
<arg>${browser}</arg>
<doc>Opens a new browser instance to the optional ``url``.</doc>
<msg timestamp="20220507 17:27:34.298" level="INFO">Opening browser 'chrome' to base url 'https://www.libreview.com/'.</msg>
<status status="PASS" starttime="20220507 17:27:34.297" endtime="20220507 17:27:37.988"/>
</kw>
<kw name="Maximize Browser Window" library="SeleniumLibrary">
<doc>Maximizes current browser window.</doc>
<status status="PASS" starttime="20220507 17:27:37.989" endtime="20220507 17:27:38.114"/>
</kw>
<kw name="Wait Until Page Contains Element" library="SeleniumLibrary">
<arg>id:truste-consent-button</arg>
<arg>timeout=100</arg>
<doc>Waits until the element ``locator`` appears on the current page.</doc>
<status status="PASS" starttime="20220507 17:27:38.116" endtime="20220507 17:27:38.135"/>
</kw>
<kw name="Click Element" library="SeleniumLibrary">
<arg>id:truste-consent-button</arg>
<doc>Click the element identified by ``locator``.</doc>
<msg timestamp="20220507 17:27:38.136" level="INFO">Clicking element 'id:truste-consent-button'.</msg>
<status status="PASS" starttime="20220507 17:27:38.136" endtime="20220507 17:27:38.581"/>
</kw>
<kw name="Wait Until Page Contains Element" library="SeleniumLibrary">
<arg>id:country-select</arg>
<doc>Waits until the element ``locator`` appears on the current page.</doc>
<status status="PASS" starttime="20220507 17:27:38.582" endtime="20220507 17:27:39.077"/>
</kw>
<kw name="Select From List By Label" library="SeleniumLibrary">
<arg>id:country-select</arg>
<arg>${country}</arg>
<doc>Selects options from selection list ``locator`` by ``labels``.</doc>
<msg timestamp="20220507 17:27:39.078" level="INFO">Selecting options from selection list 'id:country-select' by label United States.</msg>
<status status="PASS" starttime="20220507 17:27:39.077" endtime="20220507 17:27:39.195"/>
</kw>
<kw name="Wait Until Page Contains Element" library="SeleniumLibrary">
<arg>id:language-select</arg>
<doc>Waits until the element ``locator`` appears on the current page.</doc>
<status status="PASS" starttime="20220507 17:27:39.196" endtime="20220507 17:27:39.211"/>
</kw>
<kw name="Select From List By Label" library="SeleniumLibrary">
<arg>id:language-select</arg>
<arg>${language}</arg>
<doc>Selects options from selection list ``locator`` by ``labels``.</doc>
<msg timestamp="20220507 17:27:39.212" level="INFO">Selecting options from selection list 'id:language-select' by label English.</msg>
<status status="PASS" starttime="20220507 17:27:39.211" endtime="20220507 17:27:39.264"/>
</kw>
<kw name="Wait Until Page Contains Element" library="SeleniumLibrary">
<arg>id:submit-button</arg>
<doc>Waits until the element ``locator`` appears on the current page.</doc>
<status status="PASS" starttime="20220507 17:27:39.264" endtime="20220507 17:27:39.277"/>
</kw>
<kw name="Click Button" library="SeleniumLibrary">
<arg>id:submit-button</arg>
<doc>Clicks the button identified by ``locator``.</doc>
<msg timestamp="20220507 17:27:39.278" level="INFO">Clicking button 'id:submit-button'.</msg>
<status status="PASS" starttime="20220507 17:27:39.278" endtime="20220507 17:27:39.367"/>
</kw>
<kw name="Wait Until Page Contains Element" library="SeleniumLibrary">
<arg>id:loginForm-email-input</arg>
<doc>Waits until the element ``locator`` appears on the current page.</doc>
<status status="PASS" starttime="20220507 17:27:39.368" endtime="20220507 17:27:40.444"/>
</kw>
<kw name="Input Text" library="SeleniumLibrary">
<arg>id:loginForm-email-input</arg>
<arg>codechallengeadc@outlook.com</arg>
<doc>Types the given ``text`` into the text field identified by ``locator``.</doc>
<msg timestamp="20220507 17:27:40.446" level="INFO">Typing text 'codechallengeadc@outlook.com' into text field 'id:loginForm-email-input'.</msg>
<status status="PASS" starttime="20220507 17:27:40.445" endtime="20220507 17:27:40.648"/>
</kw>
<kw name="Input Password" library="SeleniumLibrary">
<arg>id:loginForm-password-input</arg>
<arg>P@ssword$12</arg>
<doc>Types the given password into the text field identified by ``locator``.</doc>
<msg timestamp="20220507 17:27:40.649" level="INFO">Typing password into text field 'id:loginForm-password-input'.</msg>
<msg timestamp="20220507 17:27:40.737" level="INFO">Temporally setting log level to: NONE</msg>
<msg timestamp="20220507 17:27:40.871" level="INFO">Log level changed from NONE to INFO.</msg>
<status status="PASS" starttime="20220507 17:27:40.649" endtime="20220507 17:27:40.871"/>
</kw>
<kw name="Click Element" library="SeleniumLibrary">
<arg>id:loginForm-submit-button</arg>
<doc>Click the element identified by ``locator``.</doc>
<msg timestamp="20220507 17:27:40.872" level="INFO">Clicking element 'id:loginForm-submit-button'.</msg>
<status status="PASS" starttime="20220507 17:27:40.872" endtime="20220507 17:27:41.053"/>
</kw>
<kw name="Wait Until Page Contains Element" library="SeleniumLibrary">
<arg>id:twoFactor-step1-next-button</arg>
<doc>Waits until the element ``locator`` appears on the current page.</doc>
<status status="PASS" starttime="20220507 17:27:41.054" endtime="20220507 17:27:41.486"/>
</kw>
<kw name="Click Element" library="SeleniumLibrary">
<arg>id:twoFactor-step1-next-button</arg>
<doc>Click the element identified by ``locator``.</doc>
<msg timestamp="20220507 17:27:41.487" level="INFO">Clicking element 'id:twoFactor-step1-next-button'.</msg>
<status status="PASS" starttime="20220507 17:27:41.487" endtime="20220507 17:27:41.545"/>
</kw>
<kw name="Sleep" library="BuiltIn">
<arg>15s</arg>
<doc>Pauses the test executed for the given time.</doc>
<msg timestamp="20220507 17:27:56.547" level="INFO">Slept 15 seconds</msg>
<status status="PASS" starttime="20220507 17:27:41.546" endtime="20220507 17:27:56.547"/>
</kw>
<kw name="Get Access Code" library="fetch2fa">
<var>${2fa}</var>
<arg>${outlook_user}</arg>
<arg>${outlook_password}</arg>
<msg timestamp="20220507 17:27:57.237" level="INFO">${2fa} = 413386</msg>
<status status="PASS" starttime="20220507 17:27:56.549" endtime="20220507 17:27:57.237"/>
</kw>
<kw name="Log To Console" library="BuiltIn">
<arg>${2fa}</arg>
<doc>Logs the given message to the console.</doc>
<status status="PASS" starttime="20220507 17:27:57.238" endtime="20220507 17:27:57.239"/>
</kw>
<kw name="Input Password" library="SeleniumLibrary">
<arg>id:twoFactor-step2-code-input</arg>
<arg>${2fa}</arg>
<doc>Types the given password into the text field identified by ``locator``.</doc>
<msg timestamp="20220507 17:27:57.240" level="INFO">Typing password into text field 'id:twoFactor-step2-code-input'.</msg>
<msg timestamp="20220507 17:27:57.277" level="INFO">Temporally setting log level to: NONE</msg>
<msg timestamp="20220507 17:27:57.318" level="INFO">Log level changed from NONE to INFO.</msg>
<status status="PASS" starttime="20220507 17:27:57.240" endtime="20220507 17:27:57.318"/>
</kw>
<kw name="Sleep" library="BuiltIn">
<arg>5s</arg>
<doc>Pauses the test executed for the given time.</doc>
<msg timestamp="20220507 17:28:02.319" level="INFO">Slept 5 seconds</msg>
<status status="PASS" starttime="20220507 17:27:57.319" endtime="20220507 17:28:02.319"/>
</kw>
<kw name="Click Element" library="SeleniumLibrary">
<arg>id:twoFactor-step2-next-button</arg>
<doc>Click the element identified by ``locator``.</doc>
<msg timestamp="20220507 17:28:02.323" level="INFO">Clicking element 'id:twoFactor-step2-next-button'.</msg>
<status status="PASS" starttime="20220507 17:28:02.321" endtime="20220507 17:28:02.417"/>
</kw>
<kw name="Sleep" library="BuiltIn">
<arg>10s</arg>
<doc>Pauses the test executed for the given time.</doc>
<msg timestamp="20220507 17:28:12.419" level="INFO">Slept 10 seconds</msg>
<status status="PASS" starttime="20220507 17:28:02.418" endtime="20220507 17:28:12.419"/>
</kw>
<kw name="Element Should Be Visible" library="SeleniumLibrary">
<arg>id:uploadCard-upload-button</arg>
<doc>Verifies that the element identified by ``locator`` is visible.</doc>
<msg timestamp="20220507 17:28:13.091" level="INFO" html="true">&lt;/td&gt;&lt;/tr&gt;&lt;tr&gt;&lt;td colspan="3"&gt;&lt;a href="selenium-screenshot-10.png"&gt;&lt;img src="selenium-screenshot-10.png" width="800px"&gt;&lt;/a&gt;</msg>
<msg timestamp="20220507 17:28:13.092" level="FAIL">Element with locator 'id:uploadCard-upload-button' not found.</msg>
<status status="FAIL" starttime="20220507 17:28:12.419" endtime="20220507 17:28:13.094"/>
</kw>
<kw name="Sleep" library="BuiltIn">
<arg>300s</arg>
<doc>Pauses the test executed for the given time.</doc>
<status status="NOT RUN" starttime="20220507 17:28:13.095" endtime="20220507 17:28:13.095"/>
</kw>
<status status="FAIL" starttime="20220507 17:27:34.296" endtime="20220507 17:28:13.096">Element with locator 'id:uploadCard-upload-button' not found.</status>
</test>
<doc>Abbott Coding Challenge</doc>
<status status="FAIL" starttime="20220507 17:27:33.787" endtime="20220507 17:28:13.098"/>
</suite>
<statistics>
<total>
<stat pass="0" fail="1" skip="0">All Tests</stat>
</total>
<tag>
</tag>
<suite>
<stat pass="0" fail="1" skip="0" id="s1" name="Abbott-Code-Challenge">Abbott-Code-Challenge</stat>
</suite>
</statistics>
<errors>
</errors>
</robot>
