<?xml version="1.0" encoding="UTF-8"?>
<robot generator="Robot 5.0 (Python 3.10.0 on win32)" generated="20220506 11:51:59.124" rpa="false" schemaversion="3">
<suite id="s1" name="Abbott-Code-Challenge" source="c:\Users\natal\abbott-code-challenge\abbott-code-challenge.robot">
<test id="s1-t1" name="First Test Cases" line="6">
<kw name="Log" library="BuiltIn">
<arg>Hello World</arg>
<doc>Logs the given message with the given level.</doc>
<msg timestamp="20220506 11:51:59.197" level="INFO">Hello World</msg>
<status status="PASS" starttime="20220506 11:51:59.197" endtime="20220506 11:51:59.197"/>
</kw>
<status status="PASS" starttime="20220506 11:51:59.195" endtime="20220506 11:51:59.198"/>
</test>
<doc>Hello World Test</doc>
<status status="PASS" starttime="20220506 11:51:59.128" endtime="20220506 11:51:59.202"/>
</suite>
<statistics>
<total>
<stat pass="1" fail="0" skip="0">All Tests</stat>
</total>
<tag>
</tag>
<suite>
<stat pass="1" fail="0" skip="0" id="s1" name="Abbott-Code-Challenge">Abbott-Code-Challenge</stat>
</suite>
</statistics>
<errors>
</errors>
</robot>
