<?xml version="1.0" encoding="UTF-8"?>
<robot generator="Robot 5.0 (Python 3.10.4 on win32)" generated="20220507 15:19:31.072" rpa="false" schemaversion="3">
<suite id="s1" name="Abbott-Code-Challenge" source="c:\Users\natal\abbott-code-challenge\abbott-code-challenge.robot">
<test id="s1-t1" name="Run Python Script" line="39">
<kw name="Get Access Code" library="fetch2fa">
<var>${2fa}</var>
<arg>${outlook_user}</arg>
<arg>${outlook_password}</arg>
<msg timestamp="20220507 15:19:32.085" level="INFO">${2fa} = 706220</msg>
<status status="PASS" starttime="20220507 15:19:31.368" endtime="20220507 15:19:32.085"/>
</kw>
<kw name="Log To Console" library="BuiltIn">
<arg>${2fa}</arg>
<doc>Logs the given message to the console.</doc>
<status status="PASS" starttime="20220507 15:19:32.086" endtime="20220507 15:19:32.087"/>
</kw>
<status status="PASS" starttime="20220507 15:19:31.367" endtime="20220507 15:19:32.088"/>
</test>
<doc>Abbott Coding Challenge</doc>
<status status="PASS" starttime="20220507 15:19:31.075" endtime="20220507 15:19:32.091"/>
</suite>
<statistics>
<total>
<stat pass="1" fail="0" skip="0">All Tests</stat>
</total>
<tag>
</tag>
<suite>
<stat pass="1" fail="0" skip="0" id="s1" name="Abbott-Code-Challenge">Abbott-Code-Challenge</stat>
</suite>
</statistics>
<errors>
</errors>
</robot>
