<?xml version="1.0" encoding="UTF-8"?>
<robot generator="Robot 5.0 (Python 3.10.4 on win32)" generated="20220507 10:58:41.026" rpa="false" schemaversion="3">
<suite id="s1" name="Abbott-Code-Challenge" source="c:\Users\natal\abbott-code-challenge\abbott-code-challenge.robot">
<test id="s1-t1" name="Open Outlook" line="32">
<kw name="Open Browser" library="SeleniumLibrary">
<arg>${outlookURL}</arg>
<arg>${browser}</arg>
<doc>Opens a new browser instance to the optional ``url``.</doc>
<msg timestamp="20220507 10:58:41.313" level="INFO">Opening browser 'chrome' to base url 'https://login.live.com/login.srf?wa=wsignin1.0&amp;rpsnv=13&amp;ct=1651883057&amp;rver=7.0.6737.0&amp;wp=MBI_SSL&amp;wreply=https%3a%2f%2foutlook.live.com%2fowa%2f%3fnlp%3d1%26RpsCsrfState%3deedc2709-b1e2-d876-2112-6fcbdf7ce74c&amp;id=292841&amp;aadredir=1&amp;CBCXT=out&amp;lw=1&amp;fl=dob%2cflname%2cwld&amp;cobrandid=90015'.</msg>
<status status="PASS" starttime="20220507 10:58:41.312" endtime="20220507 10:58:44.126"/>
</kw>
<kw name="Maximize Browser Window" library="SeleniumLibrary">
<doc>Maximizes current browser window.</doc>
<status status="PASS" starttime="20220507 10:58:44.127" endtime="20220507 10:58:44.251"/>
</kw>
<kw name="Wait Until Page Contains Element" library="SeleniumLibrary">
<arg>id:i0116</arg>
<doc>Waits until the element ``locator`` appears on the current page.</doc>
<status status="PASS" starttime="20220507 10:58:44.252" endtime="20220507 10:58:44.271"/>
</kw>
<kw name="Input Text" library="SeleniumLibrary">
<arg>id:i0116</arg>
<arg>codechallengeadc@outlook.com</arg>
<doc>Types the given ``text`` into the text field identified by ``locator``.</doc>
<msg timestamp="20220507 10:58:44.272" level="INFO">Typing text 'codechallengeadc@outlook.com' into text field 'id:i0116'.</msg>
<status status="PASS" starttime="20220507 10:58:44.272" endtime="20220507 10:58:44.437"/>
</kw>
<kw name="Click Element" library="SeleniumLibrary">
<arg>id:idSIButton9</arg>
<doc>Click the element identified by ``locator``.</doc>
<msg timestamp="20220507 10:58:44.442" level="INFO">Clicking element 'id:idSIButton9'.</msg>
<msg timestamp="20220507 10:58:44.990" level="INFO" html="true">&lt;/td&gt;&lt;/tr&gt;&lt;tr&gt;&lt;td colspan="3"&gt;&lt;a href="selenium-screenshot-32.png"&gt;&lt;img src="selenium-screenshot-32.png" width="800px"&gt;&lt;/a&gt;</msg>
<msg timestamp="20220507 10:58:44.991" level="FAIL">ElementNotInteractableException: Message: element not interactable
  (Session info: chrome=101.0.4951.54)
Stacktrace:
Backtrace:
	Ordinal0 [0x002EB8F3+2406643]
	Ordinal0 [0x0027AF31+1945393]
	Ordinal0 [0x0016C610+837136]
	Ordinal0 [0x0019A2D3+1024723]
	Ordinal0 [0x00190083+983171]
	Ordinal0 [0x001B427C+1131132]
	Ordinal0 [0x0018FA64+981604]
	Ordinal0 [0x001B4494+1131668]
	Ordinal0 [0x001C4682+1197698]
	Ordinal0 [0x001B4096+1130646]
	Ordinal0 [0x0018E636+976438]
	Ordinal0 [0x0018F546+980294]
	GetHandleVerifier [0x00559612+2498066]
	GetHandleVerifier [0x0054C920+2445600]
	GetHandleVerifier [0x00384F2A+579370]
	GetHandleVerifier [0x00383D36+574774]
	Ordinal0 [0x00281C0B+1973259]
	Ordinal0 [0x00286688+1992328]
	Ordinal0 [0x00286775+1992565]
	Ordinal0 [0x0028F8D1+2029777]
	BaseThreadInitThunk [0x75AD6359+25]
	RtlGetAppContainerNamedObjectPath [0x776E87D4+228]
	RtlGetAppContainerNamedObjectPath [0x776E87A4+180]
	(No symbol) [0x00000000]
</msg>
<status status="FAIL" starttime="20220507 10:58:44.439" endtime="20220507 10:58:45.213"/>
</kw>
<kw name="Wait Until Page Contains Element" library="SeleniumLibrary">
<arg>id:i0118</arg>
<doc>Waits until the element ``locator`` appears on the current page.</doc>
<status status="NOT RUN" starttime="20220507 10:58:45.213" endtime="20220507 10:58:45.214"/>
</kw>
<kw name="Input Password" library="SeleniumLibrary">
<arg>id:i0118</arg>
<arg>P@ssword$1234</arg>
<doc>Types the given password into the text field identified by ``locator``.</doc>
<status status="NOT RUN" starttime="20220507 10:58:45.214" endtime="20220507 10:58:45.214"/>
</kw>
<kw name="Click Element" library="SeleniumLibrary">
<arg>id:idSIButton9</arg>
<doc>Click the element identified by ``locator``.</doc>
<status status="NOT RUN" starttime="20220507 10:58:45.215" endtime="20220507 10:58:45.215"/>
</kw>
<kw name="Sleep" library="BuiltIn">
<arg>100s</arg>
<doc>Pauses the test executed for the given time.</doc>
<status status="NOT RUN" starttime="20220507 10:58:45.215" endtime="20220507 10:58:45.215"/>
</kw>
<status status="FAIL" starttime="20220507 10:58:41.312" endtime="20220507 10:58:45.216">ElementNotInteractableException: Message: element not interactable
  (Session info: chrome=101.0.4951.54)
Stacktrace:
Backtrace:
	Ordinal0 [0x002EB8F3+2406643]
	Ordinal0 [0x0027AF31+1945393]
	Ordinal0 [0x0016C610+837136]
	Ordinal0 [0x0019A2D3+1024723]
	Ordinal0 [0x00190083+983171]
	Ordinal0 [0x001B427C+1131132]
	Ordinal0 [0x0018FA64+981604]
	Ordinal0 [0x001B4494+1131668]
	Ordinal0 [0x001C4682+1197698]
	Ordinal0 [0x001B4096+1130646]
	Ordinal0 [0x0018E636+976438]
	Ordinal0 [0x0018F546+980294]
	GetHandleVerifier [0x00559612+2498066]
	GetHandleVerifier [0x0054C920+2445600]
	GetHandleVerifier [0x00384F2A+579370]
	GetHandleVerifier [0x00383D36+574774]
	Ordinal0 [0x00281C0B+1973259]
	Ordinal0 [0x00286688+1992328]
	Ordinal0 [0x00286775+1992565]
	Ordinal0 [0x0028F8D1+2029777]
	BaseThreadInitThunk [0x75AD6359+25]
	RtlGetAppContainerNamedObjectPath [0x776E87D4+228]
	RtlGetAppContainerNamedObjectPath [0x776E87A4+180]
	(No symbol) [0x00000000]
</status>
</test>
<doc>Abbott Coding Challenge</doc>
<status status="FAIL" starttime="20220507 10:58:41.028" endtime="20220507 10:58:45.222"/>
</suite>
<statistics>
<total>
<stat pass="0" fail="1" skip="0">All Tests</stat>
</total>
<tag>
</tag>
<suite>
<stat pass="0" fail="1" skip="0" id="s1" name="Abbott-Code-Challenge">Abbott-Code-Challenge</stat>
</suite>
</statistics>
<errors>
</errors>
</robot>
